1642510942960:to-lowercase HAlloO
1642510965871:free-disk-space
1642511035060:freeDiskSpace
1642511040415:free-disk-space
1642511840459:freeDiskSpace
1642511844476:free-disk-space
1642513032013:show-photo laserCatVsEarth
1642513057742:show-photo spaceTacoCat
1642513067779:show-photo spaceTacoCat.png
1642513075500:show-photo spaceTacoCat.jpg
1642513104884:show-photo catBurger
1642513831046:show-image caTerrain
1642513843667:show-photo caTerrain
1642513965290:show-photo laserCat
1642513976816:show-photo spaceUnicornCat
1642513984471:show-photo spaceCat
1642513995184:show-photo laserCatVsEarth
1642518129762:upload-photo laserCat
1642518214093:show-photo laserCat
1642518471949:stacktrace
1642518536282:show-photo laserCat
1642518541320:stacktrace
1642518607887:show-photo laserCat
1642518620263:upload-photo laserCat
1642518744405:show-photo catBurger
1642518911012:upload-photo catBurger
1642518986991:upload-photo spaceCat
1642519293530:upload-photo 'C:/Users/alwagner/Desktop/catPics/spaceTacoCat.png'
1642519445885:upload-photo 'C:/Users/alwagner/Desktop/catPics/caTerrain.jpg'
1642521157868:upload-photo 'C:/Users/alwagner/Desktop/catPics/*'
1642521265080:byte[] bytes = Files.readAllBytes(Paths.get(fileName));
1642521313190:upload-photo 'C:/Users/alwagner/Desktop/catPics/*'
1642608483704:hornlength "Fillmore Fat"
1642608488667:hornlength
1642608607601:hornlength "Fillmore Fat"
1642608878584:hornlength
1642608888200:hornlength "Fillmore Fat"
1642672759338:fillmore
1642677725615:log-photo-info
1642677870231:log-all-photo-info
1642683559843:show-unicorn
1642686777196:stacktrace
1642686869545:show-unicorn
1642686882366:stacktrace
1642687005141:show-unicorn
1642687010014:sstacktrace
1642687014396:stacktrace
1642687063353:show-unicorn
1642687410555:stacktrace
1642687478190:show-unicorn
1642687481641:stacktrace
1642687637681:show-unicorn
1642690054532:list-profiles
1642690255821:list-all-profiles-by-id
1642690270586:list-profiles-by-id
1642690978719:list-all-profiles
1642690986769:list-profiles
